<?xml version="1.0" encoding="UTF-8"?>
<testng-results skipped="0" failed="0" total="1" passed="1">
  <reporter-output>
  </reporter-output>
  <suite name="Default suite" duration-ms="38482" started-at="2015-03-13T06:49:24Z" finished-at="2015-03-13T06:50:02Z">
    <groups>
    </groups>
    <test name="Default test" duration-ms="38482" started-at="2015-03-13T06:49:24Z" finished-at="2015-03-13T06:50:02Z">
      <class name="winPack.winClassTest">
        <test-method status="PASS" signature="beforeMethod()[pri:0, instance:winPack.winClassTest@4c75cab9]" name="beforeMethod" is-config="true" duration-ms="6501" started-at="2015-03-13T12:19:24Z" finished-at="2015-03-13T12:19:30Z">
          <reporter-output>
          </reporter-output>
        </test-method> <!-- beforeMethod -->
        <test-method status="PASS" signature="f()[pri:0, instance:winPack.winClassTest@4c75cab9]" name="f" duration-ms="31971" started-at="2015-03-13T12:19:30Z" finished-at="2015-03-13T12:20:02Z">
          <reporter-output>
          </reporter-output>
        </test-method> <!-- f -->
        <test-method status="PASS" signature="afterMethod()[pri:0, instance:winPack.winClassTest@4c75cab9]" name="afterMethod" is-config="true" duration-ms="0" started-at="2015-03-13T12:20:02Z" finished-at="2015-03-13T12:20:02Z">
          <reporter-output>
          </reporter-output>
        </test-method> <!-- afterMethod -->
      </class> <!-- winPack.winClassTest -->
    </test> <!-- Default test -->
  </suite> <!-- Default suite -->
</testng-results>
